2021-10-25 21:42:29,446 INFO o.a.j.u.JMeterUtils: Setting Locale to en_EN
2021-10-25 21:42:29,473 INFO o.a.j.JMeter: Loading user properties from: /usr/local/Cellar/jmeter/5.4.1/libexec/bin/user.properties
2021-10-25 21:42:29,473 INFO o.a.j.JMeter: Loading system properties from: /usr/local/Cellar/jmeter/5.4.1/libexec/bin/system.properties
2021-10-25 21:42:29,480 INFO o.a.j.JMeter: Copyright (c) 1998-2021 The Apache Software Foundation
2021-10-25 21:42:29,480 INFO o.a.j.JMeter: Version 5.4.1
2021-10-25 21:42:29,480 INFO o.a.j.JMeter: java.version=17
2021-10-25 21:42:29,480 INFO o.a.j.JMeter: java.vm.name=OpenJDK 64-Bit Server VM
2021-10-25 21:42:29,480 INFO o.a.j.JMeter: os.name=Mac OS X
2021-10-25 21:42:29,480 INFO o.a.j.JMeter: os.arch=x86_64
2021-10-25 21:42:29,480 INFO o.a.j.JMeter: os.version=11.3.1
2021-10-25 21:42:29,480 INFO o.a.j.JMeter: file.encoding=UTF-8
2021-10-25 21:42:29,480 INFO o.a.j.JMeter: java.awt.headless=null
2021-10-25 21:42:29,480 INFO o.a.j.JMeter: Max memory     =1073741824
2021-10-25 21:42:29,480 INFO o.a.j.JMeter: Available Processors =12
2021-10-25 21:42:29,490 INFO o.a.j.JMeter: Default Locale=English (EN)
2021-10-25 21:42:29,491 INFO o.a.j.JMeter: JMeter  Locale=English (EN)
2021-10-25 21:42:29,491 INFO o.a.j.JMeter: JMeterHome=/usr/local/Cellar/jmeter/5.4.1/libexec
2021-10-25 21:42:29,491 INFO o.a.j.JMeter: user.dir  =/Users/asadzaman/Documents/GitHub/cypress
2021-10-25 21:42:29,491 INFO o.a.j.JMeter: PWD       =/Users/asadzaman/Documents/GitHub/cypress
2021-10-25 21:42:29,492 INFO o.a.j.JMeter: IP: 127.0.0.1 Name: Asads-iMac.local FullName: localhost
2021-10-25 21:42:29,857 INFO o.a.j.JMeter: Setting LAF to: com.github.weisj.darklaf.DarkLaf:com.github.weisj.darklaf.theme.DarculaTheme
2021-10-25 21:42:30,989 INFO o.a.j.JMeter: Loaded icon properties from org/apache/jmeter/images/icon.properties
2021-10-25 21:42:31,898 INFO o.j.r.JARSourceHTTP: Requesting https://jmeter-plugins.org/repo/?installID=mac_os_x-5b66a0688ff27a0bc15ab33ad2cf8eb7-gui
2021-10-25 21:42:32,995 INFO o.j.r.PluginManager: Plugins Status: [jpgc-plugins-manager=1.6, jmeter-core=5.4.1, jmeter-ftp=5.4.1, jmeter-http=5.4.1, jmeter-jdbc=5.4.1, jmeter-jms=5.4.1, jmeter-junit=5.4.1, jmeter-java=5.4.1, jmeter-ldap=5.4.1, jmeter-mail=5.4.1, jmeter-mongodb=5.4.1, jmeter-native=5.4.1, jmeter-tcp=5.4.1, jmeter-components=5.4.1]
